# JRE version: OpenJDK Runtime Environment (8.0) (build 1.8.0-adoptopenjdk-_2018_05_19_00_59-b00)
# Java VM: OpenJDK 64-Bit Server VM (25.71-b00 mixed mode windows-amd64 compressed oops)
Heap:
 PSYoungGen      total 33280K, used 23393K [0x00000000db400000, 0x00000000dd900000, 0x0000000100000000)
  eden space 28672K, 65% used [0x00000000db400000,0x00000000dc65a4d0,0x00000000dd000000)
  from space 4608K, 99% used [0x00000000dd000000,0x00000000dd47e040,0x00000000dd480000)
  to   space 4608K, 0% used [0x00000000dd480000,0x00000000dd480000,0x00000000dd900000)
 ParOldGen       total 76800K, used 2469K [0x0000000091c00000, 0x0000000096700000, 0x00000000db400000)
  object space 76800K, 3% used [0x0000000091c00000,0x0000000091e69670,0x0000000096700000)
 Metaspace       used 17104K, capacity 17564K, committed 17664K, reserved 1064960K
  class space    used 1934K, capacity 2048K, committed 2048K, reserved 1048576K
GC Heap History (6 events):
Event: 4.912 GC heap before
{Heap before GC invocations=1 (full 0):
 PSYoungGen      total 33280K, used 28672K [0x00000000db400000, 0x00000000dd900000, 0x0000000100000000)
  eden space 28672K, 100% used [0x00000000db400000,0x00000000dd000000,0x00000000dd000000)
  from space 4608K, 0% used [0x00000000dd480000,0x00000000dd480000,0x00000000dd900000)
  to   space 4608K, 0% used [0x00000000dd000000,0x00000000dd000000,0x00000000dd480000)
 ParOldGen       total 76800K, used 0K [0x0000000091c00000, 0x0000000096700000, 0x00000000db400000)
  object space 76800K, 0% used [0x0000000091c00000,0x0000000091c00000,0x0000000096700000)
 Metaspace       used 14386K, capacity 14770K, committed 14976K, reserved 1062912K
  class space    used 1702K, capacity 1851K, committed 1920K, reserved 1048576K
Event: 4.929 GC heap after
Heap after GC invocations=1 (full 0):
 PSYoungGen      total 33280K, used 4587K [0x00000000db400000, 0x00000000dd900000, 0x0000000100000000)
  eden space 28672K, 0% used [0x00000000db400000,0x00000000db400000,0x00000000dd000000)
  from space 4608K, 99% used [0x00000000dd000000,0x00000000dd47ac18,0x00000000dd480000)
  to   space 4608K, 0% used [0x00000000dd480000,0x00000000dd480000,0x00000000dd900000)
 ParOldGen       total 76800K, used 1015K [0x0000000091c00000, 0x0000000096700000, 0x00000000db400000)
  object space 76800K, 1% used [0x0000000091c00000,0x0000000091cfdfb8,0x0000000096700000)
 Metaspace       used 14386K, capacity 14770K, committed 14976K, reserved 1062912K
  class space    used 1702K, capacity 1851K, committed 1920K, reserved 1048576K
}
Event: 8.630 GC heap before
{Heap before GC invocations=2 (full 0):
 PSYoungGen      total 33280K, used 33259K [0x00000000db400000, 0x00000000dd900000, 0x0000000100000000)
  eden space 28672K, 100% used [0x00000000db400000,0x00000000dd000000,0x00000000dd000000)
  from space 4608K, 99% used [0x00000000dd000000,0x00000000dd47ac18,0x00000000dd480000)
  to   space 4608K, 0% used [0x00000000dd480000,0x00000000dd480000,0x00000000dd900000)
 ParOldGen       total 76800K, used 1015K [0x0000000091c00000, 0x0000000096700000, 0x00000000db400000)
  object space 76800K, 1% used [0x0000000091c00000,0x0000000091cfdfb8,0x0000000096700000)
 Metaspace       used 16919K, capacity 17318K, committed 17408K, reserved 1064960K
  class space    used 1929K, capacity 2039K, committed 2048K, reserved 1048576K
Event: 8.653 GC heap after
Heap after GC invocations=2 (full 0):
 PSYoungGen      total 33280K, used 4589K [0x00000000db400000, 0x00000000dd900000, 0x0000000100000000)
  eden space 28672K, 0% used [0x00000000db400000,0x00000000db400000,0x00000000dd000000)
  from space 4608K, 99% used [0x00000000dd480000,0x00000000dd8fb4f0,0x00000000dd900000)
  to   space 4608K, 0% used [0x00000000dd000000,0x00000000dd000000,0x00000000dd480000)
 ParOldGen       total 76800K, used 2192K [0x0000000091c00000, 0x0000000096700000, 0x00000000db400000)
  object space 76800K, 2% used [0x0000000091c00000,0x0000000091e243d8,0x0000000096700000)
 Metaspace       used 16919K, capacity 17318K, committed 17408K, reserved 1064960K
  class space    used 1929K, capacity 2039K, committed 2048K, reserved 1048576K
}
Event: 10.290 GC heap before
{Heap before GC invocations=3 (full 0):
 PSYoungGen      total 33280K, used 33261K [0x00000000db400000, 0x00000000dd900000, 0x0000000100000000)
  eden space 28672K, 100% used [0x00000000db400000,0x00000000dd000000,0x00000000dd000000)
  from space 4608K, 99% used [0x00000000dd480000,0x00000000dd8fb4f0,0x00000000dd900000)
  to   space 4608K, 0% used [0x00000000dd000000,0x00000000dd000000,0x00000000dd480000)
 ParOldGen       total 76800K, used 2192K [0x0000000091c00000, 0x0000000096700000, 0x00000000db400000)
  object space 76800K, 2% used [0x0000000091c00000,0x0000000091e243d8,0x0000000096700000)
 Metaspace       used 16978K, capacity 17412K, committed 17664K, reserved 1064960K
  class space    used 1932K, capacity 2044K, committed 2048K, reserved 1048576K
Event: 10.301 GC heap after
Heap after GC invocations=3 (full 0):
 PSYoungGen      total 33280K, used 4600K [0x00000000db400000, 0x00000000dd900000, 0x0000000100000000)
  eden space 28672K, 0% used [0x00000000db400000,0x00000000db400000,0x00000000dd000000)
  from space 4608K, 99% used [0x00000000dd000000,0x00000000dd47e040,0x00000000dd480000)
  to   space 4608K, 0% used [0x00000000dd480000,0x00000000dd480000,0x00000000dd900000)
 ParOldGen       total 76800K, used 2469K [0x0000000091c00000, 0x0000000096700000, 0x00000000db400000)
  object space 76800K, 3% used [0x0000000091c00000,0x0000000091e69670,0x0000000096700000)
 Metaspace       used 16978K, capacity 17412K, committed 17664K, reserved 1064960K
  class space    used 1932K, capacity 2044K, committed 2048K, reserved 1048576K
}

